# JRE version: OpenJDK Runtime Environment (8.0_242-b01) (build 1.8.0_242-release-1644-b01)
# Java VM: OpenJDK 64-Bit Server VM (25.242-b01 mixed mode windows-amd64 compressed oops)
Heap:
 PSYoungGen      total 107008K, used 3540K [0x00000000d5580000, 0x00000000dc780000, 0x0000000100000000)
  eden space 97280K, 0% used [0x00000000d5580000,0x00000000d5580000,0x00000000db480000)
  from space 9728K, 36% used [0x00000000dbe00000,0x00000000dc175040,0x00000000dc780000)
  to   space 9728K, 0% used [0x00000000db480000,0x00000000db480000,0x00000000dbe00000)
 ParOldGen       total 64512K, used 8785K [0x0000000080000000, 0x0000000083f00000, 0x00000000d5580000)
  object space 64512K, 13% used [0x0000000080000000,0x00000000808946e0,0x0000000083f00000)
 Metaspace       used 20684K, capacity 21260K, committed 21296K, reserved 1067008K
  class space    used 2893K, capacity 3116K, committed 3120K, reserved 1048576K
GC Heap History (10 events):
Event: 6.408 GC heap after
Heap after GC invocations=4 (full 0):
 PSYoungGen      total 28160K, used 3568K [0x00000000d5580000, 0x00000000d8c80000, 0x0000000100000000)
  eden space 24576K, 0% used [0x00000000d5580000,0x00000000d5580000,0x00000000d6d80000)
  from space 3584K, 99% used [0x00000000d8900000,0x00000000d8c7c010,0x00000000d8c80000)
  to   space 3584K, 0% used [0x00000000d6d80000,0x00000000d6d80000,0x00000000d7100000)
 ParOldGen       total 64512K, used 2229K [0x0000000080000000, 0x0000000083f00000, 0x00000000d5580000)
  object space 64512K, 3% used [0x0000000080000000,0x000000008022d428,0x0000000083f00000)
 Metaspace       used 11675K, capacity 11944K, committed 12160K, reserved 1060864K
  class space    used 1537K, capacity 1640K, committed 1664K, reserved 1048576K
}
Event: 7.129 GC heap before
{Heap before GC invocations=5 (full 0):
 PSYoungGen      total 28160K, used 28144K [0x00000000d5580000, 0x00000000d8c80000, 0x0000000100000000)
  eden space 24576K, 100% used [0x00000000d5580000,0x00000000d6d80000,0x00000000d6d80000)
  from space 3584K, 99% used [0x00000000d8900000,0x00000000d8c7c010,0x00000000d8c80000)
  to   space 3584K, 0% used [0x00000000d6d80000,0x00000000d6d80000,0x00000000d7100000)
 ParOldGen       total 64512K, used 2229K [0x0000000080000000, 0x0000000083f00000, 0x00000000d5580000)
  object space 64512K, 3% used [0x0000000080000000,0x000000008022d428,0x0000000083f00000)
 Metaspace       used 13694K, capacity 14058K, committed 14336K, reserved 1060864K
  class space    used 1874K, capacity 2015K, committed 2048K, reserved 1048576K
Event: 7.143 GC heap after
Heap after GC invocations=5 (full 0):
 PSYoungGen      total 28160K, used 3568K [0x00000000d5580000, 0x00000000d9280000, 0x0000000100000000)
  eden space 24576K, 0% used [0x00000000d5580000,0x00000000d5580000,0x00000000d6d80000)
  from space 3584K, 99% used [0x00000000d6d80000,0x00000000d70fc030,0x00000000d7100000)
  to   space 6656K, 0% used [0x00000000d8c00000,0x00000000d8c00000,0x00000000d9280000)
 ParOldGen       total 64512K, used 4737K [0x0000000080000000, 0x0000000083f00000, 0x00000000d5580000)
  object space 64512K, 7% used [0x0000000080000000,0x00000000804a0570,0x0000000083f00000)
 Metaspace       used 13694K, capacity 14058K, committed 14336K, reserved 1060864K
  class space    used 1874K, capacity 2015K, committed 2048K, reserved 1048576K
}
Event: 7.642 GC heap before
{Heap before GC invocations=6 (full 0):
 PSYoungGen      total 28160K, used 28144K [0x00000000d5580000, 0x00000000d9280000, 0x0000000100000000)
  eden space 24576K, 100% used [0x00000000d5580000,0x00000000d6d80000,0x00000000d6d80000)
  from space 3584K, 99% used [0x00000000d6d80000,0x00000000d70fc030,0x00000000d7100000)
  to   space 6656K, 0% used [0x00000000d8c00000,0x00000000d8c00000,0x00000000d9280000)
 ParOldGen       total 64512K, used 4737K [0x0000000080000000, 0x0000000083f00000, 0x00000000d5580000)
  object space 64512K, 7% used [0x0000000080000000,0x00000000804a0570,0x0000000083f00000)
 Metaspace       used 15751K, capacity 16242K, committed 16512K, reserved 1062912K
  class space    used 2131K, capacity 2317K, committed 2432K, reserved 1048576K
Event: 7.657 GC heap after
Heap after GC invocations=6 (full 0):
 PSYoungGen      total 55296K, used 5871K [0x00000000d5580000, 0x00000000d9380000, 0x0000000100000000)
  eden space 48640K, 0% used [0x00000000d5580000,0x00000000d5580000,0x00000000d8500000)
  from space 6656K, 88% used [0x00000000d8c00000,0x00000000d91bbf10,0x00000000d9280000)
  to   space 7168K, 0% used [0x00000000d8500000,0x00000000d8500000,0x00000000d8c00000)
 ParOldGen       total 64512K, used 4745K [0x0000000080000000, 0x0000000083f00000, 0x00000000d5580000)
  object space 64512K, 7% used [0x0000000080000000,0x00000000804a2570,0x0000000083f00000)
 Metaspace       used 15751K, capacity 16242K, committed 16512K, reserved 1062912K
  class space    used 2131K, capacity 2317K, committed 2432K, reserved 1048576K
}
Event: 9.660 GC heap before
{Heap before GC invocations=7 (full 0):
 PSYoungGen      total 55296K, used 54511K [0x00000000d5580000, 0x00000000d9380000, 0x0000000100000000)
  eden space 48640K, 100% used [0x00000000d5580000,0x00000000d8500000,0x00000000d8500000)
  from space 6656K, 88% used [0x00000000d8c00000,0x00000000d91bbf10,0x00000000d9280000)
  to   space 7168K, 0% used [0x00000000d8500000,0x00000000d8500000,0x00000000d8c00000)
 ParOldGen       total 64512K, used 4745K [0x0000000080000000, 0x0000000083f00000, 0x00000000d5580000)
  object space 64512K, 7% used [0x0000000080000000,0x00000000804a2570,0x0000000083f00000)
 Metaspace       used 20366K, capacity 21004K, committed 21248K, reserved 1067008K
  class space    used 2847K, capacity 3052K, committed 3072K, reserved 1048576K
Event: 9.682 GC heap after
Heap after GC invocations=7 (full 0):
 PSYoungGen      total 55808K, used 7145K [0x00000000d5580000, 0x00000000dc780000, 0x0000000100000000)
  eden space 48640K, 0% used [0x00000000d5580000,0x00000000d5580000,0x00000000d8500000)
  from space 7168K, 99% used [0x00000000d8500000,0x00000000d8bfa5c0,0x00000000d8c00000)
  to   space 9728K, 0% used [0x00000000dbe00000,0x00000000dbe00000,0x00000000dc780000)
 ParOldGen       total 64512K, used 7540K [0x0000000080000000, 0x0000000083f00000, 0x00000000d5580000)
  object space 64512K, 11% used [0x0000000080000000,0x000000008075d300,0x0000000083f00000)
 Metaspace       used 20366K, capacity 21004K, committed 21248K, reserved 1067008K
  class space    used 2847K, capacity 3052K, committed 3072K, reserved 1048576K
}
Event: 9.797 GC heap before
{Heap before GC invocations=8 (full 0):
 PSYoungGen      total 55808K, used 13536K [0x00000000d5580000, 0x00000000dc780000, 0x0000000100000000)
  eden space 48640K, 13% used [0x00000000d5580000,0x00000000d5bbdd80,0x00000000d8500000)
  from space 7168K, 99% used [0x00000000d8500000,0x00000000d8bfa5c0,0x00000000d8c00000)
  to   space 9728K, 0% used [0x00000000dbe00000,0x00000000dbe00000,0x00000000dc780000)
 ParOldGen       total 64512K, used 7540K [0x0000000080000000, 0x0000000083f00000, 0x00000000d5580000)
  object space 64512K, 11% used [0x0000000080000000,0x000000008075d300,0x0000000083f00000)
 Metaspace       used 20684K, capacity 21260K, committed 21296K, reserved 1067008K
  class space    used 2893K, capacity 3116K, committed 3120K, reserved 1048576K
Event: 9.812 GC heap after
Heap after GC invocations=8 (full 0):
 PSYoungGen      total 107008K, used 3540K [0x00000000d5580000, 0x00000000dc780000, 0x0000000100000000)
  eden space 97280K, 0% used [0x00000000d5580000,0x00000000d5580000,0x00000000db480000)
  from space 9728K, 36% used [0x00000000dbe00000,0x00000000dc175040,0x00000000dc780000)
  to   space 9728K, 0% used [0x00000000db480000,0x00000000db480000,0x00000000dbe00000)
 ParOldGen       total 64512K, used 8785K [0x0000000080000000, 0x0000000083f00000, 0x00000000d5580000)
  object space 64512K, 13% used [0x0000000080000000,0x00000000808946e0,0x0000000083f00000)
 Metaspace       used 20684K, capacity 21260K, committed 21296K, reserved 1067008K
  class space    used 2893K, capacity 3116K, committed 3120K, reserved 1048576K
}
Event: 9.812 GC heap before
{Heap before GC invocations=9 (full 1):
 PSYoungGen      total 107008K, used 3540K [0x00000000d5580000, 0x00000000dc780000, 0x0000000100000000)
  eden space 97280K, 0% used [0x00000000d5580000,0x00000000d5580000,0x00000000db480000)
  from space 9728K, 36% used [0x00000000dbe00000,0x00000000dc175040,0x00000000dc780000)
  to   space 9728K, 0% used [0x00000000db480000,0x00000000db480000,0x00000000dbe00000)
 ParOldGen       total 64512K, used 8785K [0x0000000080000000, 0x0000000083f00000, 0x00000000d5580000)
  object space 64512K, 13% used [0x0000000080000000,0x00000000808946e0,0x0000000083f00000)
 Metaspace       used 20684K, capacity 21260K, committed 21296K, reserved 1067008K
  class space    used 2893K, capacity 3116K, committed 3120K, reserved 1048576K

