# JRE version: OpenJDK Runtime Environment (8.0_242-b01) (build 1.8.0_242-release-1644-b01)
# Java VM: OpenJDK 64-Bit Server VM (25.242-b01 mixed mode windows-amd64 compressed oops)
Heap:
 PSYoungGen      total 97792K, used 34220K [0x00000000d5580000, 0x00000000dd280000, 0x0000000100000000)
  eden space 88576K, 28% used [0x00000000d5580000,0x00000000d6def168,0x00000000dac00000)
  from space 9216K, 99% used [0x00000000dac00000,0x00000000db4fbea8,0x00000000db500000)
  to   space 11264K, 0% used [0x00000000dc780000,0x00000000dc780000,0x00000000dd280000)
 ParOldGen       total 44032K, used 8515K [0x0000000080000000, 0x0000000082b00000, 0x00000000d5580000)
  object space 44032K, 19% used [0x0000000080000000,0x0000000080850d68,0x0000000082b00000)
 Metaspace       used 34085K, capacity 35296K, committed 35456K, reserved 1079296K
  class space    used 4594K, capacity 4883K, committed 4992K, reserved 1048576K
GC Heap History (10 events):
Event: 13.371 GC heap before
{Heap before GC invocations=6 (full 0):
 PSYoungGen      total 51200K, used 51200K [0x00000000d5580000, 0x00000000d9500000, 0x0000000100000000)
  eden space 47616K, 100% used [0x00000000d5580000,0x00000000d8400000,0x00000000d8400000)
  from space 3584K, 100% used [0x00000000d8580000,0x00000000d8900000,0x00000000d8900000)
  to   space 8704K, 0% used [0x00000000d8c80000,0x00000000d8c80000,0x00000000d9500000)
 ParOldGen       total 64512K, used 7173K [0x0000000080000000, 0x0000000083f00000, 0x00000000d5580000)
  object space 64512K, 11% used [0x0000000080000000,0x0000000080701718,0x0000000083f00000)
 Metaspace       used 19967K, capacity 20624K, committed 20992K, reserved 1067008K
  class space    used 2764K, capacity 2952K, committed 3072K, reserved 1048576K
Event: 13.435 GC heap after
Heap after GC invocations=6 (full 0):
 PSYoungGen      total 55296K, used 8239K [0x00000000d5580000, 0x00000000dc580000, 0x0000000100000000)
  eden space 46592K, 0% used [0x00000000d5580000,0x00000000d5580000,0x00000000d8300000)
  from space 8704K, 94% used [0x00000000d8c80000,0x00000000d948bd58,0x00000000d9500000)
  to   space 9728K, 0% used [0x00000000d8300000,0x00000000d8300000,0x00000000d8c80000)
 ParOldGen       total 64512K, used 7181K [0x0000000080000000, 0x0000000083f00000, 0x00000000d5580000)
  object space 64512K, 11% used [0x0000000080000000,0x0000000080703718,0x0000000083f00000)
 Metaspace       used 19967K, capacity 20624K, committed 20992K, reserved 1067008K
  class space    used 2764K, capacity 2952K, committed 3072K, reserved 1048576K
}
Event: 13.976 GC heap before
{Heap before GC invocations=7 (full 0):
 PSYoungGen      total 55296K, used 14156K [0x00000000d5580000, 0x00000000dc580000, 0x0000000100000000)
  eden space 46592K, 12% used [0x00000000d5580000,0x00000000d5b47630,0x00000000d8300000)
  from space 8704K, 94% used [0x00000000d8c80000,0x00000000d948bd58,0x00000000d9500000)
  to   space 9728K, 0% used [0x00000000d8300000,0x00000000d8300000,0x00000000d8c80000)
 ParOldGen       total 64512K, used 7181K [0x0000000080000000, 0x0000000083f00000, 0x00000000d5580000)
  object space 64512K, 11% used [0x0000000080000000,0x0000000080703718,0x0000000083f00000)
 Metaspace       used 20516K, capacity 21218K, committed 21296K, reserved 1067008K
  class space    used 2853K, capacity 3035K, committed 3072K, reserved 1048576K
Event: 13.990 GC heap after
Heap after GC invocations=7 (full 0):
 PSYoungGen      total 56320K, used 4297K [0x00000000d5580000, 0x00000000dc380000, 0x0000000100000000)
  eden space 46592K, 0% used [0x00000000d5580000,0x00000000d5580000,0x00000000d8300000)
  from space 9728K, 44% used [0x00000000d8300000,0x00000000d87324e8,0x00000000d8c80000)
  to   space 9728K, 0% used [0x00000000dba00000,0x00000000dba00000,0x00000000dc380000)
 ParOldGen       total 64512K, used 8605K [0x0000000080000000, 0x0000000083f00000, 0x00000000d5580000)
  object space 64512K, 13% used [0x0000000080000000,0x0000000080867788,0x0000000083f00000)
 Metaspace       used 20516K, capacity 21218K, committed 21296K, reserved 1067008K
  class space    used 2853K, capacity 3035K, committed 3072K, reserved 1048576K
}
Event: 13.990 GC heap before
{Heap before GC invocations=8 (full 1):
 PSYoungGen      total 56320K, used 4297K [0x00000000d5580000, 0x00000000dc380000, 0x0000000100000000)
  eden space 46592K, 0% used [0x00000000d5580000,0x00000000d5580000,0x00000000d8300000)
  from space 9728K, 44% used [0x00000000d8300000,0x00000000d87324e8,0x00000000d8c80000)
  to   space 9728K, 0% used [0x00000000dba00000,0x00000000dba00000,0x00000000dc380000)
 ParOldGen       total 64512K, used 8605K [0x0000000080000000, 0x0000000083f00000, 0x00000000d5580000)
  object space 64512K, 13% used [0x0000000080000000,0x0000000080867788,0x0000000083f00000)
 Metaspace       used 20516K, capacity 21218K, committed 21296K, reserved 1067008K
  class space    used 2853K, capacity 3035K, committed 3072K, reserved 1048576K
Event: 14.097 GC heap after
Heap after GC invocations=8 (full 1):
 PSYoungGen      total 56320K, used 0K [0x00000000d5580000, 0x00000000dc380000, 0x0000000100000000)
  eden space 46592K, 0% used [0x00000000d5580000,0x00000000d5580000,0x00000000d8300000)
  from space 9728K, 0% used [0x00000000d8300000,0x00000000d8300000,0x00000000d8c80000)
  to   space 9728K, 0% used [0x00000000dba00000,0x00000000dba00000,0x00000000dc380000)
 ParOldGen       total 44032K, used 7201K [0x0000000080000000, 0x0000000082b00000, 0x00000000d5580000)
  object space 44032K, 16% used [0x0000000080000000,0x0000000080708468,0x0000000082b00000)
 Metaspace       used 20516K, capacity 21218K, committed 21296K, reserved 1067008K
  class space    used 2853K, capacity 3035K, committed 3072K, reserved 1048576K
}
Event: 16.796 GC heap before
{Heap before GC invocations=9 (full 1):
 PSYoungGen      total 56320K, used 46592K [0x00000000d5580000, 0x00000000dc380000, 0x0000000100000000)
  eden space 46592K, 100% used [0x00000000d5580000,0x00000000d8300000,0x00000000d8300000)
  from space 9728K, 0% used [0x00000000d8300000,0x00000000d8300000,0x00000000d8c80000)
  to   space 9728K, 0% used [0x00000000dba00000,0x00000000dba00000,0x00000000dc380000)
 ParOldGen       total 44032K, used 7201K [0x0000000080000000, 0x0000000082b00000, 0x00000000d5580000)
  object space 44032K, 16% used [0x0000000080000000,0x0000000080708468,0x0000000082b00000)
 Metaspace       used 22896K, capacity 23952K, committed 24064K, reserved 1069056K
  class space    used 3242K, capacity 3522K, committed 3584K, reserved 1048576K
Event: 16.809 GC heap after
Heap after GC invocations=9 (full 1):
 PSYoungGen      total 80384K, used 3735K [0x00000000d5580000, 0x00000000dbe00000, 0x0000000100000000)
  eden space 76288K, 0% used [0x00000000d5580000,0x00000000d5580000,0x00000000da000000)
  from space 4096K, 91% used [0x00000000dba00000,0x00000000dbda5e30,0x00000000dbe00000)
  to   space 9216K, 0% used [0x00000000dac00000,0x00000000dac00000,0x00000000db500000)
 ParOldGen       total 44032K, used 7209K [0x0000000080000000, 0x0000000082b00000, 0x00000000d5580000)
  object space 44032K, 16% used [0x0000000080000000,0x000000008070a468,0x0000000082b00000)
 Metaspace       used 22896K, capacity 23952K, committed 24064K, reserved 1069056K
  class space    used 3242K, capacity 3522K, committed 3584K, reserved 1048576K
}
Event: 19.863 GC heap before
{Heap before GC invocations=10 (full 1):
 PSYoungGen      total 80384K, used 80023K [0x00000000d5580000, 0x00000000dbe00000, 0x0000000100000000)
  eden space 76288K, 100% used [0x00000000d5580000,0x00000000da000000,0x00000000da000000)
  from space 4096K, 91% used [0x00000000dba00000,0x00000000dbda5e30,0x00000000dbe00000)
  to   space 9216K, 0% used [0x00000000dac00000,0x00000000dac00000,0x00000000db500000)
 ParOldGen       total 44032K, used 7209K [0x0000000080000000, 0x0000000082b00000, 0x00000000d5580000)
  object space 44032K, 16% used [0x0000000080000000,0x000000008070a468,0x0000000082b00000)
 Metaspace       used 32210K, capacity 33332K, committed 33664K, reserved 1079296K
  class space    used 4349K, capacity 4625K, committed 4736K, reserved 1048576K
Event: 19.898 GC heap after
Heap after GC invocations=10 (full 1):
 PSYoungGen      total 97792K, used 9199K [0x00000000d5580000, 0x00000000dd280000, 0x0000000100000000)
  eden space 88576K, 0% used [0x00000000d5580000,0x00000000d5580000,0x00000000dac00000)
  from space 9216K, 99% used [0x00000000dac00000,0x00000000db4fbea8,0x00000000db500000)
  to   space 11264K, 0% used [0x00000000dc780000,0x00000000dc780000,0x00000000dd280000)
 ParOldGen       total 44032K, used 8515K [0x0000000080000000, 0x0000000082b00000, 0x00000000d5580000)
  object space 44032K, 19% used [0x0000000080000000,0x0000000080850d68,0x0000000082b00000)
 Metaspace       used 32210K, capacity 33332K, committed 33664K, reserved 1079296K
  class space    used 4349K, capacity 4625K, committed 4736K, reserved 1048576K
}

