# JRE version: OpenJDK Runtime Environment (8.0_242-b01) (build 1.8.0_242-release-1644-b01)
# Java VM: OpenJDK 64-Bit Server VM (25.242-b01 mixed mode windows-amd64 compressed oops)
Heap:
 PSYoungGen      total 111104K, used 47957K [0x00000000d5580000, 0x00000000dce80000, 0x0000000100000000)
  eden space 102400K, 46% used [0x00000000d5580000,0x00000000d84557f8,0x00000000db980000)
  from space 8704K, 0% used [0x00000000dc380000,0x00000000dc380000,0x00000000dcc00000)
  to   space 10240K, 0% used [0x00000000db980000,0x00000000db980000,0x00000000dc380000)
 ParOldGen       total 75776K, used 16879K [0x0000000080000000, 0x0000000084a00000, 0x00000000d5580000)
  object space 75776K, 22% used [0x0000000080000000,0x000000008107bfc0,0x0000000084a00000)
 Metaspace       used 37739K, capacity 39142K, committed 39424K, reserved 1083392K
  class space    used 4962K, capacity 5278K, committed 5376K, reserved 1048576K
GC Heap History (10 events):
Event: 16.050 GC heap before
{Heap before GC invocations=8 (full 0):
 PSYoungGen      total 46592K, used 19207K [0x00000000d5580000, 0x00000000db180000, 0x0000000100000000)
  eden space 38912K, 32% used [0x00000000d5580000,0x00000000d61c6cd8,0x00000000d7b80000)
  from space 7680K, 86% used [0x00000000d7b80000,0x00000000d81faf90,0x00000000d8300000)
  to   space 8192K, 0% used [0x00000000da980000,0x00000000da980000,0x00000000db180000)
 ParOldGen       total 64512K, used 5986K [0x0000000080000000, 0x0000000083f00000, 0x00000000d5580000)
  object space 64512K, 9% used [0x0000000080000000,0x00000000805d8a30,0x0000000083f00000)
 Metaspace       used 20517K, capacity 21218K, committed 21296K, reserved 1067008K
  class space    used 2850K, capacity 3035K, committed 3072K, reserved 1048576K
Event: 16.065 GC heap after
Heap after GC invocations=8 (full 0):
 PSYoungGen      total 86016K, used 4054K [0x00000000d5580000, 0x00000000db180000, 0x0000000100000000)
  eden space 77824K, 0% used [0x00000000d5580000,0x00000000d5580000,0x00000000da180000)
  from space 8192K, 49% used [0x00000000da980000,0x00000000dad75b00,0x00000000db180000)
  to   space 8192K, 0% used [0x00000000da180000,0x00000000da180000,0x00000000da980000)
 ParOldGen       total 64512K, used 7087K [0x0000000080000000, 0x0000000083f00000, 0x00000000d5580000)
  object space 64512K, 10% used [0x0000000080000000,0x00000000806ebdc0,0x0000000083f00000)
 Metaspace       used 20517K, capacity 21218K, committed 21296K, reserved 1067008K
  class space    used 2850K, capacity 3035K, committed 3072K, reserved 1048576K
}
Event: 16.066 GC heap before
{Heap before GC invocations=9 (full 1):
 PSYoungGen      total 86016K, used 4054K [0x00000000d5580000, 0x00000000db180000, 0x0000000100000000)
  eden space 77824K, 0% used [0x00000000d5580000,0x00000000d5580000,0x00000000da180000)
  from space 8192K, 49% used [0x00000000da980000,0x00000000dad75b00,0x00000000db180000)
  to   space 8192K, 0% used [0x00000000da180000,0x00000000da180000,0x00000000da980000)
 ParOldGen       total 64512K, used 7087K [0x0000000080000000, 0x0000000083f00000, 0x00000000d5580000)
  object space 64512K, 10% used [0x0000000080000000,0x00000000806ebdc0,0x0000000083f00000)
 Metaspace       used 20517K, capacity 21218K, committed 21296K, reserved 1067008K
  class space    used 2850K, capacity 3035K, committed 3072K, reserved 1048576K
Event: 16.209 GC heap after
Heap after GC invocations=9 (full 1):
 PSYoungGen      total 86016K, used 0K [0x00000000d5580000, 0x00000000db180000, 0x0000000100000000)
  eden space 77824K, 0% used [0x00000000d5580000,0x00000000d5580000,0x00000000da180000)
  from space 8192K, 0% used [0x00000000da980000,0x00000000da980000,0x00000000db180000)
  to   space 8192K, 0% used [0x00000000da180000,0x00000000da180000,0x00000000da980000)
 ParOldGen       total 45568K, used 7638K [0x0000000080000000, 0x0000000082c80000, 0x00000000d5580000)
  object space 45568K, 16% used [0x0000000080000000,0x0000000080775b90,0x0000000082c80000)
 Metaspace       used 20517K, capacity 21218K, committed 21296K, reserved 1067008K
  class space    used 2850K, capacity 3035K, committed 3072K, reserved 1048576K
}
Event: 20.710 GC heap before
{Heap before GC invocations=10 (full 1):
 PSYoungGen      total 86016K, used 77824K [0x00000000d5580000, 0x00000000db180000, 0x0000000100000000)
  eden space 77824K, 100% used [0x00000000d5580000,0x00000000da180000,0x00000000da180000)
  from space 8192K, 0% used [0x00000000da980000,0x00000000da980000,0x00000000db180000)
  to   space 8192K, 0% used [0x00000000da180000,0x00000000da180000,0x00000000da980000)
 ParOldGen       total 45568K, used 7638K [0x0000000080000000, 0x0000000082c80000, 0x00000000d5580000)
  object space 45568K, 16% used [0x0000000080000000,0x0000000080775b90,0x0000000082c80000)
 Metaspace       used 26551K, capacity 27582K, committed 27904K, reserved 1073152K
  class space    used 3737K, capacity 4018K, committed 4096K, reserved 1048576K
Event: 20.733 GC heap after
Heap after GC invocations=10 (full 1):
 PSYoungGen      total 86016K, used 7740K [0x00000000d5580000, 0x00000000dcc00000, 0x0000000100000000)
  eden space 77824K, 0% used [0x00000000d5580000,0x00000000d5580000,0x00000000da180000)
  from space 8192K, 94% used [0x00000000da180000,0x00000000da90f268,0x00000000da980000)
  to   space 8704K, 0% used [0x00000000dc380000,0x00000000dc380000,0x00000000dcc00000)
 ParOldGen       total 45568K, used 7646K [0x0000000080000000, 0x0000000082c80000, 0x00000000d5580000)
  object space 45568K, 16% used [0x0000000080000000,0x0000000080777b90,0x0000000082c80000)
 Metaspace       used 26551K, capacity 27582K, committed 27904K, reserved 1073152K
  class space    used 3737K, capacity 4018K, committed 4096K, reserved 1048576K
}
Event: 24.826 GC heap before
{Heap before GC invocations=11 (full 1):
 PSYoungGen      total 86016K, used 80646K [0x00000000d5580000, 0x00000000dcc00000, 0x0000000100000000)
  eden space 77824K, 93% used [0x00000000d5580000,0x00000000d9cb26b0,0x00000000da180000)
  from space 8192K, 94% used [0x00000000da180000,0x00000000da90f268,0x00000000da980000)
  to   space 8704K, 0% used [0x00000000dc380000,0x00000000dc380000,0x00000000dcc00000)
 ParOldGen       total 45568K, used 7646K [0x0000000080000000, 0x0000000082c80000, 0x00000000d5580000)
  object space 45568K, 16% used [0x0000000080000000,0x0000000080777b90,0x0000000082c80000)
 Metaspace       used 34189K, capacity 35342K, committed 35456K, reserved 1079296K
  class space    used 4625K, capacity 4918K, committed 4992K, reserved 1048576K
Event: 24.864 GC heap after
Heap after GC invocations=11 (full 1):
 PSYoungGen      total 111104K, used 8703K [0x00000000d5580000, 0x00000000dce80000, 0x0000000100000000)
  eden space 102400K, 0% used [0x00000000d5580000,0x00000000d5580000,0x00000000db980000)
  from space 8704K, 99% used [0x00000000dc380000,0x00000000dcbffd58,0x00000000dcc00000)
  to   space 10240K, 0% used [0x00000000db980000,0x00000000db980000,0x00000000dc380000)
 ParOldGen       total 45568K, used 9515K [0x0000000080000000, 0x0000000082c80000, 0x00000000d5580000)
  object space 45568K, 20% used [0x0000000080000000,0x000000008094af58,0x0000000082c80000)
 Metaspace       used 34189K, capacity 35342K, committed 35456K, reserved 1079296K
  class space    used 4625K, capacity 4918K, committed 4992K, reserved 1048576K
}
Event: 24.864 GC heap before
{Heap before GC invocations=12 (full 2):
 PSYoungGen      total 111104K, used 8703K [0x00000000d5580000, 0x00000000dce80000, 0x0000000100000000)
  eden space 102400K, 0% used [0x00000000d5580000,0x00000000d5580000,0x00000000db980000)
  from space 8704K, 99% used [0x00000000dc380000,0x00000000dcbffd58,0x00000000dcc00000)
  to   space 10240K, 0% used [0x00000000db980000,0x00000000db980000,0x00000000dc380000)
 ParOldGen       total 45568K, used 9515K [0x0000000080000000, 0x0000000082c80000, 0x00000000d5580000)
  object space 45568K, 20% used [0x0000000080000000,0x000000008094af58,0x0000000082c80000)
 Metaspace       used 34189K, capacity 35342K, committed 35456K, reserved 1079296K
  class space    used 4625K, capacity 4918K, committed 4992K, reserved 1048576K
Event: 25.054 GC heap after
Heap after GC invocations=12 (full 2):
 PSYoungGen      total 111104K, used 0K [0x00000000d5580000, 0x00000000dce80000, 0x0000000100000000)
  eden space 102400K, 0% used [0x00000000d5580000,0x00000000d5580000,0x00000000db980000)
  from space 8704K, 0% used [0x00000000dc380000,0x00000000dc380000,0x00000000dcc00000)
  to   space 10240K, 0% used [0x00000000db980000,0x00000000db980000,0x00000000dc380000)
 ParOldGen       total 75776K, used 16879K [0x0000000080000000, 0x0000000084a00000, 0x00000000d5580000)
  object space 75776K, 22% used [0x0000000080000000,0x000000008107bfc0,0x0000000084a00000)
 Metaspace       used 34189K, capacity 35342K, committed 35456K, reserved 1079296K
  class space    used 4625K, capacity 4918K, committed 4992K, reserved 1048576K
}

